2019-04-16 10:46:58.460 [INFO] starting
2019-04-16 10:46:58.506 [DEBUG] listener opening at 443
2019-04-16 10:46:58.531 [INFO] ticker begin
2019-04-16 10:46:58.533 [INFO] [1m[32mOgarII[0m[32m 1.2.1[0m
2019-04-16 10:46:58.548 [INFO] listener open at 443
2019-04-16 10:46:59.459 [DEBUG] command stream open
2019-04-16 10:47:05.758 @ help
2019-04-16 10:47:05.760 NAME      ARGUMENTS                         | DESCRIPTION                                                   
addbot    <world id> [count=1]              | assign player bots to a world                                 
addminion <id> [count]                      | assign minions to a player                                    
crash                                       | manually force an error throw                                 
eval                                        | evaluate javascript code in a function bound to server handle 
exit                                        | stop the handle and close the command stream                  
explode   <id>                              | instantly explode a player's first cell                       
forbid    <IP address / player id>          | forbid (ban) specified IP or a connected player               
help                                        | display all registered commands and their relevant information
kill      <id>                              | instantly kill a player                                       
killall   <world id>                        | instantly kill all players in a world                         
mass      <id> <mass>                       | set cell mass to all of a player's cells                      
merge     <id>                              | instantly merge a player                                      
pardon    <IP address>                      | pardon (unban) specified IP                                   
pause                                       | toggle handle pause                                           
players   [world id or "any"] [router type] | display information about players                             
reload                                      | reload the settings from local settings.json                  
restart                                     | stop then immediately start the handle                        
rmbot     <world id> [count=1]              | remove player bots from a world                               
rmminion  <id> [count]                      | remove assigned minions from a player                         
routers   [router type]                     | display information about routers and their players           
save                                        | save the current settings to settings.json                    
setting   <name> [value]                    | change/print the value of a setting                           
start                                       | start the handle                                              
stats                                       | display critical information about the server                 
stop                                        | stop the handle                                               
test                                        | test command                                                  

2019-04-16 10:47:22.428 [ACCESS] REQUEST FROM 127.0.0.1, not secure, Origin: https://agar.io
2019-04-16 10:47:22.428 [DEBUG] client verification passed
2019-04-16 10:47:22.431 [ACCESS] CONNECTION FROM 127.0.0.1
2019-04-16 10:47:22.484 [DEBUG] added a player with id 1
2019-04-16 10:47:22.485 [DEBUG] added a world with id 1
2019-04-16 10:47:22.489 [DEBUG] player 1 has been added to world 1
2019-04-16 10:47:28.881 [ACCESS] DISCONNECTION FROM 127.0.0.1 (1009 'Unexpected message size')
2019-04-16 10:47:28.930 [DEBUG] player 1 has been removed from world 1
2019-04-16 10:47:28.930 [DEBUG] removed player with id 1
2019-04-16 10:47:28.940 [DEBUG] removed world with id 1
2019-04-16 10:47:47.241 [ACCESS] REQUEST FROM 127.0.0.1, not secure, Origin: https://agar.io
2019-04-16 10:47:47.241 [DEBUG] client verification passed
2019-04-16 10:47:47.242 [ACCESS] CONNECTION FROM 127.0.0.1
2019-04-16 10:47:47.244 [DEBUG] added a player with id 1
2019-04-16 10:47:47.249 [DEBUG] added a world with id 1
2019-04-16 10:47:47.249 [DEBUG] player 1 has been added to world 1
2019-04-16 10:47:58.925 [DEBUG] connection from 127.0.0.1 has disconnected
2019-04-16 10:47:58.945 [ACCESS] DISCONNECTION FROM 127.0.0.1 (1001 '')
2019-04-16 10:47:58.986 [DEBUG] player 1 has been removed from world 1
2019-04-16 10:47:58.986 [DEBUG] removed player with id 1
2019-04-16 10:47:58.998 [DEBUG] removed world with id 1
2019-04-16 10:48:09.545 [ACCESS] REQUEST FROM 127.0.0.1, not secure, Origin: https://agar.io
2019-04-16 10:48:09.546 [DEBUG] client verification passed
2019-04-16 10:48:09.559 [ACCESS] CONNECTION FROM 127.0.0.1
2019-04-16 10:48:09.559 [DEBUG] added a player with id 1
2019-04-16 10:48:09.610 [DEBUG] added a world with id 1
2019-04-16 10:48:09.611 [DEBUG] player 1 has been added to world 1
2019-04-16 10:48:10.190 [FATAL] Error: WebSocket is not open: readyState 2 (CLOSING)
    at WebSocket.send (C:\Users\detai\Desktop\MC_14\OgarII-master\node_modules\ws\lib\websocket.js:329:19)
    at Connection.send (C:\Users\detai\Desktop\MC_14\OgarII-master\src\sockets\Connection.js:162:24)
    at LegacyProtocol.send (C:\Users\detai\Desktop\MC_14\OgarII-master\src\protocols\Protocol.js:86:34)
    at LegacyProtocol.onVisibleCellUpdate (C:\Users\detai\Desktop\MC_14\OgarII-master\src\protocols\LegacyProtocol.js:266:14)
    at Connection.update (C:\Users\detai\Desktop\MC_14\OgarII-master\src\sockets\Connection.js:146:23)
    at Listener.update (C:\Users\detai\Desktop\MC_14\OgarII-master\src\sockets\Listener.js:127:49)
    at ServerHandle._onTick (C:\Users\detai\Desktop\MC_14\OgarII-master\src\ServerHandle.js:166:23)
    at Ticker._tick (C:\Users\detai\Desktop\MC_14\OgarII-master\src\primitives\Ticker.js:43:30)
    at listOnTimeout (internal/timers.js:535:17)
    at processTimers (internal/timers.js:479:7)
